<?xml version="1.0" encoding="UTF-8"?>
<!-- Generated by org.testng.reporters.JUnitReportReporter -->
<testsuite hostname="DESKTOP-3QK34MT" failures="0" tests="1" name="TestNG.reportss" time="19.174" errors="0" timestamp="2022-04-15T09:59:22 IST" skipped="0">
  <testcase classname="TestNG.reportss" name="ABCB" time="19.174"/>
  <system-out/>
</testsuite> <!-- TestNG.reportss -->
